<?xml version="1.0" encoding="UTF-8"?>
<testng-results ignored="0" total="1" passed="1" failed="0" skipped="0">
  <reporter-output>
  </reporter-output>
  <suite started-at="2024-10-09T23:51:37 IST" name="Default suite" finished-at="2024-10-09T23:51:41 IST" duration-ms="4012">
    <groups>
    </groups>
    <test started-at="2024-10-09T23:51:37 IST" name="Default test" finished-at="2024-10-09T23:51:41 IST" duration-ms="4012">
      <class name="restAssured.SoapRequest">
        <test-method signature="post()[pri:0, instance:restAssured.SoapRequest@53fe15ff]" started-at="2024-10-09T23:51:37 IST" name="post" finished-at="2024-10-09T23:51:41 IST" duration-ms="3966" status="PASS">
          <reporter-output>
          </reporter-output>
        </test-method> <!-- post -->
      </class> <!-- restAssured.SoapRequest -->
    </test> <!-- Default test -->
  </suite> <!-- Default suite -->
</testng-results>
