<?xml version="1.0" encoding="UTF-8"?>
<testng-results ignored="0" total="1" passed="1" failed="0" skipped="0">
  <reporter-output>
  </reporter-output>
  <suite started-at="2024-12-06T20:23:34 IST" name="Default suite" finished-at="2024-12-06T20:23:37 IST" duration-ms="2754">
    <groups>
    </groups>
    <test started-at="2024-12-06T20:23:34 IST" name="Default test" finished-at="2024-12-06T20:23:37 IST" duration-ms="2754">
      <class name="restAssured.GetExamples">
        <test-method signature="test1()[pri:0, instance:restAssured.GetExamples@53fe15ff]" started-at="2024-12-06T20:23:35 IST" name="test1" finished-at="2024-12-06T20:23:37 IST" duration-ms="2708" status="PASS">
          <reporter-output>
          </reporter-output>
        </test-method> <!-- test1 -->
      </class> <!-- restAssured.GetExamples -->
    </test> <!-- Default test -->
  </suite> <!-- Default suite -->
</testng-results>
