<?xml version="1.0" encoding="UTF-8"?>
<!-- Generated by org.testng.reporters.JUnitReportReporter -->
<testsuite hostname="LAPTOP-3DJ5EE6T" failures="0" tests="2" name="restAssured.GetExamples" time="2.708" errors="0" timestamp="2024-12-06T20:23:37 IST" skipped="1">
  <testcase classname="restAssured.GetExamples" name="test1" time="2.708"/>
  <testcase classname="restAssured.GetExamples" name="test2">
    <skipped/>
  </testcase> <!-- test2 -->
</testsuite> <!-- restAssured.GetExamples -->
